<?xml version="1.0" encoding="UTF-8"?>
<robot generator="Robot 5.0.1 (Python 3.10.4 on linux)" generated="20220624 20:16:02.135" rpa="false" schemaversion="3">
<suite id="s1" name="Homepage" source="/home/cecep/Developments/dojobox/EcommerceRobot/suites/homepage.robot">
<test id="s1-t1" name="User Should Be Able See Homepage" line="6">
<kw name="Open Browser Chrome" library="homepage" type="SETUP">
<kw name="Open Browser" library="SeleniumLibrary">
<arg>browser=chrome</arg>
<arg>url=${HOMEPAGE_URL}</arg>
<doc>Opens a new browser instance to the optional ``url``.</doc>
<msg timestamp="20220624 20:16:02.379" level="INFO">Opening browser 'chrome' to base url 'http://automationpractice.com/index.php'.</msg>
<status status="PASS" starttime="20220624 20:16:02.379" endtime="20220624 20:16:17.816"/>
</kw>
<status status="PASS" starttime="20220624 20:16:02.378" endtime="20220624 20:16:17.817"/>
</kw>
<kw name="Maximize Browser Window" library="SeleniumLibrary">
<doc>Maximizes current browser window.</doc>
<status status="PASS" starttime="20220624 20:16:17.819" endtime="20220624 20:16:17.941"/>
</kw>
<kw name="Verify current url is homepage url" library="homepage">
<kw name="Location Should Be" library="SeleniumLibrary">
<arg>${HOMEPAGE_URL}</arg>
<doc>Verifies that the current URL is exactly ``url``.</doc>
<msg timestamp="20220624 20:16:17.961" level="INFO">Current location is 'http://automationpractice.com/index.php'.</msg>
<status status="PASS" starttime="20220624 20:16:17.943" endtime="20220624 20:16:17.961"/>
</kw>
<status status="PASS" starttime="20220624 20:16:17.942" endtime="20220624 20:16:17.962"/>
</kw>
<kw name="Verify home slider product appears" library="homepage">
<kw name="Element Should Be Visible" library="SeleniumLibrary">
<arg>${home_slider}</arg>
<doc>Verifies that the element identified by ``locator`` is visible.</doc>
<msg timestamp="20220624 20:16:18.011" level="INFO">Element '//*[@class="bx-next"]' is displayed.</msg>
<status status="PASS" starttime="20220624 20:16:17.963" endtime="20220624 20:16:18.011"/>
</kw>
<status status="PASS" starttime="20220624 20:16:17.962" endtime="20220624 20:16:18.011"/>
</kw>
<kw name="Verify product image appears" library="homepage">
<kw name="Element Should Be Visible" library="SeleniumLibrary">
<arg>${product_image}</arg>
<doc>Verifies that the element identified by ``locator`` is visible.</doc>
<msg timestamp="20220624 20:16:18.058" level="INFO">Element '(//img[@class="replace-2x img-responsive"])[1]' is displayed.</msg>
<status status="PASS" starttime="20220624 20:16:18.015" endtime="20220624 20:16:18.058"/>
</kw>
<status status="PASS" starttime="20220624 20:16:18.012" endtime="20220624 20:16:18.058"/>
</kw>
<kw name="Verify content top trends appears" library="homepage">
<kw name="Element Should Be Visible" library="SeleniumLibrary">
<arg>${content_trends}</arg>
<doc>Verifies that the element identified by ``locator`` is visible.</doc>
<msg timestamp="20220624 20:16:18.092" level="INFO">Element '(//ul[@class="htmlcontent-home clearfix row"])[2]' is displayed.</msg>
<status status="PASS" starttime="20220624 20:16:18.059" endtime="20220624 20:16:18.092"/>
</kw>
<status status="PASS" starttime="20220624 20:16:18.059" endtime="20220624 20:16:18.093"/>
</kw>
<kw name="Close Browser" library="SeleniumLibrary" type="TEARDOWN">
<doc>Closes the current browser.</doc>
<status status="PASS" starttime="20220624 20:16:18.093" endtime="20220624 20:16:18.175"/>
</kw>
<status status="PASS" starttime="20220624 20:16:02.377" endtime="20220624 20:16:18.175"/>
</test>
<status status="PASS" starttime="20220624 20:16:02.136" endtime="20220624 20:16:18.177"/>
</suite>
<statistics>
<total>
<stat pass="1" fail="0" skip="0">All Tests</stat>
</total>
<tag>
</tag>
<suite>
<stat pass="1" fail="0" skip="0" id="s1" name="Homepage">Homepage</stat>
</suite>
</statistics>
<errors>
</errors>
</robot>
