<?xml version="1.0" encoding="UTF-8"?>
<robot generator="Robot 5.0.1 (Python 3.10.4 on linux)" generated="20220705 15:47:44.646" rpa="false" schemaversion="3">
<suite id="s1" name="Contact Us" source="/home/cecep/Developments/dojobox/EcommerceRobot/suites/contact_us/contact_us.robot">
<test id="s1-t1" name="User Should Be Able Send Message" line="6">
<kw name="Open Browser Chrome" library="contact_us" type="SETUP">
<kw name="Open Browser" library="SeleniumLibrary">
<arg>browser=headlesschrome</arg>
<arg>url=${HOMEPAGE_URL}</arg>
<doc>Opens a new browser instance to the optional ``url``.</doc>
<msg timestamp="20220705 15:47:44.850" level="INFO">Opening browser 'headlesschrome' to base url 'http://automationpractice.com/index.php'.</msg>
<status status="PASS" starttime="20220705 15:47:44.850" endtime="20220705 15:47:53.887"/>
</kw>
<status status="PASS" starttime="20220705 15:47:44.849" endtime="20220705 15:47:53.887"/>
</kw>
<kw name="Maximize Browser Window" library="SeleniumLibrary">
<doc>Maximizes current browser window.</doc>
<status status="PASS" starttime="20220705 15:47:53.888" endtime="20220705 15:47:54.000"/>
</kw>
<kw name="Click Contact Us Link" library="contact_us">
<kw name="Click Element" library="SeleniumLibrary">
<arg>${contact_link}</arg>
<doc>Click the element identified by ``locator``.</doc>
<msg timestamp="20220705 15:47:54.003" level="INFO">Clicking element '//div[@id="contact-link"]'.</msg>
<status status="PASS" starttime="20220705 15:47:54.002" endtime="20220705 15:47:54.940"/>
</kw>
<status status="PASS" starttime="20220705 15:47:54.000" endtime="20220705 15:47:54.940"/>
</kw>
<kw name="Verify Contact Us Page" library="contact_us">
<kw name="Wait Until Element Is Visible" library="SeleniumLibrary">
<arg>${contact_breadcrumb}</arg>
<arg>timeout=20</arg>
<doc>Waits until the element ``locator`` is visible.</doc>
<status status="PASS" starttime="20220705 15:47:54.944" endtime="20220705 15:47:55.684"/>
</kw>
<status status="PASS" starttime="20220705 15:47:54.942" endtime="20220705 15:47:55.684"/>
</kw>
<kw name="Fill Message Form" library="contact_us">
<kw name="Select From List By Index" library="SeleniumLibrary">
<arg>${select_subject}</arg>
<arg>1</arg>
<doc>Selects options from selection list ``locator`` by ``indexes``.</doc>
<msg timestamp="20220705 15:47:55.687" level="INFO">Selecting options from selection list '//select[@id="id_contact"]' by index 1.</msg>
<status status="PASS" starttime="20220705 15:47:55.686" endtime="20220705 15:47:55.925"/>
</kw>
<kw name="Input Text" library="SeleniumLibrary">
<arg>${input_email}</arg>
<arg>cecep@example.com</arg>
<doc>Types the given ``text`` into the text field identified by ``locator``.</doc>
<msg timestamp="20220705 15:47:55.926" level="INFO">Typing text 'cecep@example.com' into text field '//input[@id="email"]'.</msg>
<status status="PASS" starttime="20220705 15:47:55.925" endtime="20220705 15:47:56.060"/>
</kw>
<kw name="Input Text" library="SeleniumLibrary">
<arg>${input_order_reference}</arg>
<arg>demo_1</arg>
<doc>Types the given ``text`` into the text field identified by ``locator``.</doc>
<msg timestamp="20220705 15:47:56.061" level="INFO">Typing text 'demo_1' into text field '//input[@id="id_order"]'.</msg>
<status status="PASS" starttime="20220705 15:47:56.060" endtime="20220705 15:47:56.197"/>
</kw>
<kw name="Input Text" library="SeleniumLibrary">
<arg>${input_message}</arg>
<arg>demo Message</arg>
<doc>Types the given ``text`` into the text field identified by ``locator``.</doc>
<msg timestamp="20220705 15:47:56.198" level="INFO">Typing text 'demo Message' into text field '//textarea[@id="message"]'.</msg>
<status status="PASS" starttime="20220705 15:47:56.198" endtime="20220705 15:47:56.306"/>
</kw>
<status status="PASS" starttime="20220705 15:47:55.685" endtime="20220705 15:47:56.306"/>
</kw>
<kw name="Click Send" library="contact_us">
<kw name="Click Element" library="SeleniumLibrary">
<arg>${send_button}</arg>
<doc>Click the element identified by ``locator``.</doc>
<msg timestamp="20220705 15:47:56.307" level="INFO">Clicking element '//button[@id="submitMessage"]'.</msg>
<status status="PASS" starttime="20220705 15:47:56.307" endtime="20220705 15:47:58.233"/>
</kw>
<status status="PASS" starttime="20220705 15:47:56.306" endtime="20220705 15:47:58.233"/>
</kw>
<kw name="Verify message has been sent successfully" library="contact_us">
<kw name="Wait Until Element Is Visible" library="SeleniumLibrary">
<arg>${alert_success}</arg>
<arg>timeout=20</arg>
<doc>Waits until the element ``locator`` is visible.</doc>
<status status="PASS" starttime="20220705 15:47:58.236" endtime="20220705 15:47:58.276"/>
</kw>
<status status="PASS" starttime="20220705 15:47:58.234" endtime="20220705 15:47:58.276"/>
</kw>
<kw name="Close Browser" library="SeleniumLibrary" type="TEARDOWN">
<doc>Closes the current browser.</doc>
<status status="PASS" starttime="20220705 15:47:58.277" endtime="20220705 15:47:58.337"/>
</kw>
<status status="PASS" starttime="20220705 15:47:44.848" endtime="20220705 15:47:58.337"/>
</test>
<status status="PASS" starttime="20220705 15:47:44.648" endtime="20220705 15:47:58.339"/>
</suite>
<statistics>
<total>
<stat pass="1" fail="0" skip="0">All Tests</stat>
</total>
<tag>
</tag>
<suite>
<stat pass="1" fail="0" skip="0" id="s1" name="Contact Us">Contact Us</stat>
</suite>
</statistics>
<errors>
</errors>
</robot>
