<?xml version="1.0" encoding="UTF-8"?>
<robot generator="Robot 5.0.1 (Python 3.10.4 on linux)" generated="20220705 17:22:17.537" rpa="false" schemaversion="3">
<suite id="s1" name="Order" source="/home/cecep/Developments/dojobox/EcommerceRobot/suites/order/order.robot">
<test id="s1-t1" name="User should be able order a product" line="6">
<kw name="Open Browser Chrome" library="order" type="SETUP">
<kw name="Open Browser" library="SeleniumLibrary">
<arg>browser=headlesschrome</arg>
<arg>url=${HOMEPAGE_URL}</arg>
<doc>Opens a new browser instance to the optional ``url``.</doc>
<msg timestamp="20220705 17:22:17.745" level="INFO">Opening browser 'headlesschrome' to base url 'http://automationpractice.com/index.php'.</msg>
<status status="PASS" starttime="20220705 17:22:17.744" endtime="20220705 17:22:33.831"/>
</kw>
<status status="PASS" starttime="20220705 17:22:17.743" endtime="20220705 17:22:33.832"/>
</kw>
<kw name="User choose a product" library="order">
<kw name="Mouse Over" library="SeleniumLibrary">
<arg>${image_container}</arg>
<doc>Simulates hovering the mouse over the element ``locator``.</doc>
<msg timestamp="20220705 17:22:33.835" level="INFO">Simulating Mouse Over on element '(//div[@class="product-image-container"])[1]'.</msg>
<status status="PASS" starttime="20220705 17:22:33.834" endtime="20220705 17:22:34.177"/>
</kw>
<kw name="Wait Until Element Is Visible" library="SeleniumLibrary">
<arg>${add_cart_button}</arg>
<arg>timeout=20</arg>
<doc>Waits until the element ``locator`` is visible.</doc>
<status status="PASS" starttime="20220705 17:22:34.177" endtime="20220705 17:22:34.269"/>
</kw>
<status status="PASS" starttime="20220705 17:22:33.832" endtime="20220705 17:22:34.269"/>
</kw>
<kw name="User add product to cart" library="order">
<kw name="Click Element" library="SeleniumLibrary">
<arg>${add_cart_button}</arg>
<doc>Click the element identified by ``locator``.</doc>
<msg timestamp="20220705 17:22:34.273" level="INFO">Clicking element '(//a[@class="button ajax_add_to_cart_button btn btn-default"])[1]'.</msg>
<status status="PASS" starttime="20220705 17:22:34.272" endtime="20220705 17:22:34.440"/>
</kw>
<status status="PASS" starttime="20220705 17:22:34.270" endtime="20220705 17:22:34.441"/>
</kw>
<kw name="Proceed to checkout" library="order">
<kw name="Wait Until Element Is Visible" library="SeleniumLibrary">
<arg>${icon_success}</arg>
<arg>timeout=20</arg>
<doc>Waits until the element ``locator`` is visible.</doc>
<status status="PASS" starttime="20220705 17:22:34.442" endtime="20220705 17:22:41.098"/>
</kw>
<kw name="Click Element" library="SeleniumLibrary">
<arg>${proced_checkout_btn}</arg>
<doc>Click the element identified by ``locator``.</doc>
<msg timestamp="20220705 17:22:41.099" level="INFO">Clicking element '//a[@class="btn btn-default button button-medium"]'.</msg>
<status status="PASS" starttime="20220705 17:22:41.098" endtime="20220705 17:22:47.633"/>
</kw>
<kw name="Wait Until Element Is Visible" library="SeleniumLibrary">
<arg>${summary_text}</arg>
<arg>timeout=20</arg>
<doc>Waits until the element ``locator`` is visible.</doc>
<status status="PASS" starttime="20220705 17:22:47.633" endtime="20220705 17:22:47.678"/>
</kw>
<kw name="Click Element" library="SeleniumLibrary">
<arg>${checkout_summary_btn}</arg>
<doc>Click the element identified by ``locator``.</doc>
<msg timestamp="20220705 17:22:47.680" level="INFO">Clicking element '//a[@class="button btn btn-default standard-checkout button-medium"]'.</msg>
<status status="PASS" starttime="20220705 17:22:47.679" endtime="20220705 17:22:58.412"/>
</kw>
<kw name="Wait Until Element Is Visible" library="SeleniumLibrary">
<arg>${email_label}</arg>
<arg>timeout=20</arg>
<doc>Waits until the element ``locator`` is visible.</doc>
<status status="PASS" starttime="20220705 17:22:58.413" endtime="20220705 17:22:58.458"/>
</kw>
<kw name="Input Text" library="SeleniumLibrary">
<arg>${input_email}</arg>
<arg>cecep@example.com</arg>
<doc>Types the given ``text`` into the text field identified by ``locator``.</doc>
<msg timestamp="20220705 17:22:58.459" level="INFO">Typing text 'cecep@example.com' into text field '//input[@id="email"]'.</msg>
<status status="PASS" starttime="20220705 17:22:58.458" endtime="20220705 17:22:58.625"/>
</kw>
<kw name="Input Text" library="SeleniumLibrary">
<arg>${input_password}</arg>
<arg>rahasia</arg>
<doc>Types the given ``text`` into the text field identified by ``locator``.</doc>
<msg timestamp="20220705 17:22:58.626" level="INFO">Typing text 'rahasia' into text field '//input[@id="passwd"]'.</msg>
<status status="PASS" starttime="20220705 17:22:58.625" endtime="20220705 17:22:58.751"/>
</kw>
<kw name="Click Element" library="SeleniumLibrary">
<arg>${submit_login}</arg>
<doc>Click the element identified by ``locator``.</doc>
<msg timestamp="20220705 17:22:58.752" level="INFO">Clicking element '//button[@id="SubmitLogin"]'.</msg>
<status status="PASS" starttime="20220705 17:22:58.751" endtime="20220705 17:23:13.993"/>
</kw>
<kw name="Wait Until Element Is Visible" library="SeleniumLibrary">
<arg>${adress_text}</arg>
<arg>timeout=20</arg>
<doc>Waits until the element ``locator`` is visible.</doc>
<status status="PASS" starttime="20220705 17:23:13.993" endtime="20220705 17:23:14.040"/>
</kw>
<kw name="Click Element" library="SeleniumLibrary">
<arg>${proses_address_btn}</arg>
<doc>Click the element identified by ``locator``.</doc>
<msg timestamp="20220705 17:23:14.041" level="INFO">Clicking element '//button[@name="processAddress"]'.</msg>
<status status="PASS" starttime="20220705 17:23:14.040" endtime="20220705 17:23:23.589"/>
</kw>
<kw name="Wait Until Element Is Visible" library="SeleniumLibrary">
<arg>${shipping_text}</arg>
<arg>timeout=20</arg>
<doc>Waits until the element ``locator`` is visible.</doc>
<status status="PASS" starttime="20220705 17:23:23.589" endtime="20220705 17:23:23.640"/>
</kw>
<kw name="Click Element" library="SeleniumLibrary">
<arg>${agree_checkbox}</arg>
<doc>Click the element identified by ``locator``.</doc>
<msg timestamp="20220705 17:23:23.642" level="INFO">Clicking element '//input[@id="cgv"]'.</msg>
<status status="PASS" starttime="20220705 17:23:23.640" endtime="20220705 17:23:23.734"/>
</kw>
<kw name="Click Element" library="SeleniumLibrary">
<arg>${process_carrier_btn}</arg>
<doc>Click the element identified by ``locator``.</doc>
<msg timestamp="20220705 17:23:23.735" level="INFO">Clicking element '//button[@name="processCarrier"]'.</msg>
<status status="PASS" starttime="20220705 17:23:23.734" endtime="20220705 17:23:34.851"/>
</kw>
<kw name="Wait Until Element Is Visible" library="SeleniumLibrary">
<arg>${payment_method_text}</arg>
<arg>timeout=20</arg>
<doc>Waits until the element ``locator`` is visible.</doc>
<status status="PASS" starttime="20220705 17:23:34.851" endtime="20220705 17:23:34.928"/>
</kw>
<kw name="Click Element" library="SeleniumLibrary">
<arg>${bank_wire_link}</arg>
<doc>Click the element identified by ``locator``.</doc>
<msg timestamp="20220705 17:23:34.930" level="INFO">Clicking element '//a[@class="bankwire"]'.</msg>
<status status="PASS" starttime="20220705 17:23:34.929" endtime="20220705 17:23:42.584"/>
</kw>
<kw name="Wait Until Element Is Visible" library="SeleniumLibrary">
<arg>${order_summary_text}</arg>
<arg>timeout=20</arg>
<doc>Waits until the element ``locator`` is visible.</doc>
<status status="PASS" starttime="20220705 17:23:42.585" endtime="20220705 17:23:42.646"/>
</kw>
<kw name="Click Element" library="SeleniumLibrary">
<arg>${confirm_order_btn}</arg>
<doc>Click the element identified by ``locator``.</doc>
<msg timestamp="20220705 17:23:42.647" level="INFO">Clicking element '//button[@class="button btn btn-default button-medium"]'.</msg>
<status status="PASS" starttime="20220705 17:23:42.646" endtime="20220705 17:23:59.169"/>
</kw>
<kw name="Wait Until Element Is Visible" library="SeleniumLibrary">
<arg>${order_confirmation_text}</arg>
<arg>timeout=20</arg>
<doc>Waits until the element ``locator`` is visible.</doc>
<status status="PASS" starttime="20220705 17:23:59.170" endtime="20220705 17:23:59.224"/>
</kw>
<status status="PASS" starttime="20220705 17:22:34.441" endtime="20220705 17:23:59.224"/>
</kw>
<kw name="Close Browser" library="SeleniumLibrary" type="TEARDOWN">
<doc>Closes the current browser.</doc>
<status status="PASS" starttime="20220705 17:23:59.226" endtime="20220705 17:23:59.291"/>
</kw>
<status status="PASS" starttime="20220705 17:22:17.742" endtime="20220705 17:23:59.291"/>
</test>
<status status="PASS" starttime="20220705 17:22:17.538" endtime="20220705 17:23:59.293"/>
</suite>
<statistics>
<total>
<stat pass="1" fail="0" skip="0">All Tests</stat>
</total>
<tag>
</tag>
<suite>
<stat pass="1" fail="0" skip="0" id="s1" name="Order">Order</stat>
</suite>
</statistics>
<errors>
</errors>
</robot>
