<?xml version="1.0" encoding="UTF-8"?>
<robot generator="Robot 5.0.1 (Python 3.10.4 on linux)" generated="20220627 03:47:48.573" rpa="false" schemaversion="3">
<suite id="s1" name="Homepage" source="/home/cecep/Developments/dojobox/EcommerceRobot/suites/homepage.robot">
<test id="s1-t1" name="User Should Be Able See Homepage" line="6">
<kw name="Open Browser Chrome" library="homepage" type="SETUP">
<kw name="Open Browser" library="SeleniumLibrary">
<arg>browser=chrome</arg>
<arg>url=${HOMEPAGE_URL}</arg>
<doc>Opens a new browser instance to the optional ``url``.</doc>
<msg timestamp="20220627 03:47:48.784" level="INFO">Opening browser 'chrome' to base url 'http://automationpractice.com/index.php'.</msg>
<status status="PASS" starttime="20220627 03:47:48.784" endtime="20220627 03:47:57.805"/>
</kw>
<status status="PASS" starttime="20220627 03:47:48.783" endtime="20220627 03:47:57.806"/>
</kw>
<kw name="Maximize Browser Window" library="SeleniumLibrary">
<doc>Maximizes current browser window.</doc>
<status status="PASS" starttime="20220627 03:47:57.807" endtime="20220627 03:47:57.980"/>
</kw>
<kw name="Verify current url is homepage url" library="homepage">
<kw name="Location Should Be" library="SeleniumLibrary">
<arg>${HOMEPAGE_URL}</arg>
<doc>Verifies that the current URL is exactly ``url``.</doc>
<msg timestamp="20220627 03:47:57.989" level="INFO">Current location is 'http://automationpractice.com/index.php'.</msg>
<status status="PASS" starttime="20220627 03:47:57.981" endtime="20220627 03:47:57.989"/>
</kw>
<status status="PASS" starttime="20220627 03:47:57.981" endtime="20220627 03:47:57.990"/>
</kw>
<kw name="Verify home slider product appears" library="homepage">
<kw name="Element Should Be Visible" library="SeleniumLibrary">
<arg>${home_slider}</arg>
<doc>Verifies that the element identified by ``locator`` is visible.</doc>
<msg timestamp="20220627 03:47:58.050" level="INFO">Element '//*[@class="bx-next"]' is displayed.</msg>
<status status="PASS" starttime="20220627 03:47:57.991" endtime="20220627 03:47:58.050"/>
</kw>
<status status="PASS" starttime="20220627 03:47:57.990" endtime="20220627 03:47:58.051"/>
</kw>
<kw name="Verify product image appears" library="homepage">
<kw name="Element Should Be Visible" library="SeleniumLibrary">
<arg>${product_image}</arg>
<doc>Verifies that the element identified by ``locator`` is visible.</doc>
<msg timestamp="20220627 03:47:58.098" level="INFO">Element '(//img[@class="replace-2x img-responsive"])[1]' is displayed.</msg>
<status status="PASS" starttime="20220627 03:47:58.052" endtime="20220627 03:47:58.098"/>
</kw>
<status status="PASS" starttime="20220627 03:47:58.051" endtime="20220627 03:47:58.098"/>
</kw>
<kw name="Verify content top trends appears" library="homepage">
<kw name="Element Should Be Visible" library="SeleniumLibrary">
<arg>${content_trends}</arg>
<doc>Verifies that the element identified by ``locator`` is visible.</doc>
<msg timestamp="20220627 03:47:58.164" level="INFO">Element '(//ul[@class="htmlcontent-home clearfix row"])[2]' is displayed.</msg>
<status status="PASS" starttime="20220627 03:47:58.099" endtime="20220627 03:47:58.165"/>
</kw>
<status status="PASS" starttime="20220627 03:47:58.099" endtime="20220627 03:47:58.165"/>
</kw>
<kw name="Close Browser" library="SeleniumLibrary" type="TEARDOWN">
<doc>Closes the current browser.</doc>
<status status="PASS" starttime="20220627 03:47:58.165" endtime="20220627 03:47:58.234"/>
</kw>
<status status="PASS" starttime="20220627 03:47:48.782" endtime="20220627 03:47:58.235"/>
</test>
<status status="PASS" starttime="20220627 03:47:48.574" endtime="20220627 03:47:58.236"/>
</suite>
<statistics>
<total>
<stat pass="1" fail="0" skip="0">All Tests</stat>
</total>
<tag>
</tag>
<suite>
<stat pass="1" fail="0" skip="0" id="s1" name="Homepage">Homepage</stat>
</suite>
</statistics>
<errors>
</errors>
</robot>
